openat(AT_FDCWD, "/etc/ld.so.cache", O_RDONLY|O_CLOEXEC) = 3
openat(AT_FDCWD, "/lib/x86_64-linux-gnu/libreadline.so.8", O_RDONLY|O_CLOEXEC) = 3
read(3, "\177ELF\2\1\1\0\0\0\0\0\0\0\0\0\3\0>\0\1\0\0\0\0\0\0\0\0\0\0\0"..., 832) = 832
openat(AT_FDCWD, "/lib/x86_64-linux-gnu/libc.so.6", O_RDONLY|O_CLOEXEC) = 3
read(3, "\177ELF\2\1\1\3\0\0\0\0\0\0\0\0\3\0>\0\1\0\0\0\220\243\2\0\0\0\0\0"..., 832) = 832
openat(AT_FDCWD, "/lib/x86_64-linux-gnu/libtinfo.so.6", O_RDONLY|O_CLOEXEC) = 3
read(3, "\177ELF\2\1\1\0\0\0\0\0\0\0\0\0\3\0>\0\1\0\0\0\0\0\0\0\0\0\0\0"..., 832) = 832
openat(AT_FDCWD, "/usr/share/terminfo/x/xterm-256color", O_RDONLY) = 3
read(3, "\36\2%\0&\0\17\0\235\1Z\6xterm-256color|xterm"..., 32768) = 4071
read(3, "", 28672)                      = 0
openat(AT_FDCWD, "/usr/lib/locale/locale-archive", O_RDONLY|O_CLOEXEC) = -1 ENOENT (No such file or directory)
openat(AT_FDCWD, "/usr/share/locale/locale.alias", O_RDONLY|O_CLOEXEC) = 3
read(3, "# Locale name alias data base.\n#"..., 4096) = 2996
read(3, "", 4096)                       = 0
openat(AT_FDCWD, "/usr/lib/locale/C.UTF-8/LC_CTYPE", O_RDONLY|O_CLOEXEC) = -1 ENOENT (No such file or directory)
openat(AT_FDCWD, "/usr/lib/locale/C.utf8/LC_CTYPE", O_RDONLY|O_CLOEXEC) = 3
openat(AT_FDCWD, "/usr/lib/x86_64-linux-gnu/gconv/gconv-modules.cache", O_RDONLY|O_CLOEXEC) = 3
openat(AT_FDCWD, "/home/wsm/.inputrc", O_RDONLY) = -1 ENOENT (No such file or directory)
openat(AT_FDCWD, "/etc/inputrc", O_RDONLY) = 3
read(3, "# /etc/inputrc - global inputrc "..., 1875) = 1875
write(1, "\360\237\216\203\33[31;5mSpookyShell\33[0m\33[5m\360\237"..., 40) = 40
read(0, "c", 1)                         = 1
read(0, "a", 1)                         = 1
read(0, "t", 1)                         = 1
read(0, " ", 1)                         = 1
read(0, "<", 1)                         = 1
read(0, " ", 1)                         = 1
read(0, "d", 1)                         = 1
read(0, "e", 1)                         = 1
read(0, "b", 1)                         = 1
read(0, "u", 1)                         = 1
read(0, "g", 1)                         = 1
read(0, "_", 1)                         = 1
read(0, "i", 1)                         = 1
read(0, "n", 1)                         = 1
read(0, " ", 1)                         = 1
read(0, ">", 1)                         = 1
read(0, " ", 1)                         = 1
read(0, "d", 1)                         = 1
read(0, "e", 1)                         = 1
read(0, "b", 1)                         = 1
read(0, "u", 1)                         = 1
read(0, "g", 1)                         = 1
read(0, "_", 1)                         = 1
read(0, "o", 1)                         = 1
read(0, "u", 1)                         = 1
read(0, "t", 1)                         = 1
read(0, "\n", 1)                        = 1
write(1, "cat < debug_in > debug_out", 26) = 26
write(1, "\n", 1)                       = 1
write(1, "T", 1)                        = 1
write(1, "o", 1)                        = 1
write(1, "k", 1)                        = 1
write(1, "e", 1)                        = 1
write(1, "n", 1)                        = 1
write(1, ":", 1)                        = 1
write(1, " ", 1)                        = 1
write(1, "'", 1)                        = 1
write(1, "c", 1)                        = 1
write(1, "a", 1)                        = 1
write(1, "t", 1)                        = 1
write(1, "'", 1)                        = 1
write(1, " ", 1)                        = 1
write(1, "|", 1)                        = 1
write(1, " ", 1)                        = 1
write(1, "T", 1)                        = 1
write(1, "y", 1)                        = 1
write(1, "p", 1)                        = 1
write(1, "e", 1)                        = 1
write(1, ":", 1)                        = 1
write(1, " ", 1)                        = 1
write(1, "W", 1)                        = 1
write(1, "O", 1)                        = 1
write(1, "R", 1)                        = 1
write(1, "D", 1)                        = 1
write(1, "\n", 1)                       = 1
write(1, "T", 1)                        = 1
write(1, "o", 1)                        = 1
write(1, "k", 1)                        = 1
write(1, "e", 1)                        = 1
write(1, "n", 1)                        = 1
write(1, ":", 1)                        = 1
write(1, " ", 1)                        = 1
write(1, "'", 1)                        = 1
write(1, "<", 1)                        = 1
write(1, "'", 1)                        = 1
write(1, " ", 1)                        = 1
write(1, "|", 1)                        = 1
write(1, " ", 1)                        = 1
write(1, "T", 1)                        = 1
write(1, "y", 1)                        = 1
write(1, "p", 1)                        = 1
write(1, "e", 1)                        = 1
write(1, ":", 1)                        = 1
write(1, " ", 1)                        = 1
write(1, "R", 1)                        = 1
write(1, "E", 1)                        = 1
write(1, "D", 1)                        = 1
write(1, "I", 1)                        = 1
write(1, "R", 1)                        = 1
write(1, "E", 1)                        = 1
write(1, "C", 1)                        = 1
write(1, "T", 1)                        = 1
write(1, "_", 1)                        = 1
write(1, "I", 1)                        = 1
write(1, "N", 1)                        = 1
write(1, "\n", 1)                       = 1
write(1, "T", 1)                        = 1
write(1, "o", 1)                        = 1
write(1, "k", 1)                        = 1
write(1, "e", 1)                        = 1
write(1, "n", 1)                        = 1
write(1, ":", 1)                        = 1
write(1, " ", 1)                        = 1
write(1, "'", 1)                        = 1
write(1, "d", 1)                        = 1
write(1, "e", 1)                        = 1
write(1, "b", 1)                        = 1
write(1, "u", 1)                        = 1
write(1, "g", 1)                        = 1
write(1, "_", 1)                        = 1
write(1, "i", 1)                        = 1
write(1, "n", 1)                        = 1
write(1, "'", 1)                        = 1
write(1, " ", 1)                        = 1
write(1, "|", 1)                        = 1
write(1, " ", 1)                        = 1
write(1, "T", 1)                        = 1
write(1, "y", 1)                        = 1
write(1, "p", 1)                        = 1
write(1, "e", 1)                        = 1
write(1, ":", 1)                        = 1
write(1, " ", 1)                        = 1
write(1, "W", 1)                        = 1
write(1, "O", 1)                        = 1
write(1, "R", 1)                        = 1
write(1, "D", 1)                        = 1
write(1, "\n", 1)                       = 1
write(1, "T", 1)                        = 1
write(1, "o", 1)                        = 1
write(1, "k", 1)                        = 1
write(1, "e", 1)                        = 1
write(1, "n", 1)                        = 1
write(1, ":", 1)                        = 1
write(1, " ", 1)                        = 1
write(1, "'", 1)                        = 1
write(1, ">", 1)                        = 1
write(1, "'", 1)                        = 1
write(1, " ", 1)                        = 1
write(1, "|", 1)                        = 1
write(1, " ", 1)                        = 1
write(1, "T", 1)                        = 1
write(1, "y", 1)                        = 1
write(1, "p", 1)                        = 1
write(1, "e", 1)                        = 1
write(1, ":", 1)                        = 1
write(1, " ", 1)                        = 1
write(1, "R", 1)                        = 1
write(1, "E", 1)                        = 1
write(1, "D", 1)                        = 1
write(1, "I", 1)                        = 1
write(1, "R", 1)                        = 1
write(1, "E", 1)                        = 1
write(1, "C", 1)                        = 1
write(1, "T", 1)                        = 1
write(1, "_", 1)                        = 1
write(1, "O", 1)                        = 1
write(1, "U", 1)                        = 1
write(1, "T", 1)                        = 1
write(1, "\n", 1)                       = 1
write(1, "T", 1)                        = 1
write(1, "o", 1)                        = 1
write(1, "k", 1)                        = 1
write(1, "e", 1)                        = 1
write(1, "n", 1)                        = 1
write(1, ":", 1)                        = 1
write(1, " ", 1)                        = 1
write(1, "'", 1)                        = 1
write(1, "d", 1)                        = 1
write(1, "e", 1)                        = 1
write(1, "b", 1)                        = 1
write(1, "u", 1)                        = 1
write(1, "g", 1)                        = 1
write(1, "_", 1)                        = 1
write(1, "o", 1)                        = 1
write(1, "u", 1)                        = 1
write(1, "t", 1)                        = 1
write(1, "'", 1)                        = 1
write(1, " ", 1)                        = 1
write(1, "|", 1)                        = 1
write(1, " ", 1)                        = 1
write(1, "T", 1)                        = 1
write(1, "y", 1)                        = 1
write(1, "p", 1)                        = 1
write(1, "e", 1)                        = 1
write(1, ":", 1)                        = 1
write(1, " ", 1)                        = 1
write(1, "W", 1)                        = 1
write(1, "O", 1)                        = 1
write(1, "R", 1)                        = 1
write(1, "D", 1)                        = 1
write(1, "\n", 1)                       = 1
write(1, "\n", 1)                       = 1
write(1, "P", 1)                        = 1
write(1, "r", 1)                        = 1
write(1, "i", 1)                        = 1
write(1, "n", 1)                        = 1
write(1, "t", 1)                        = 1
write(1, "i", 1)                        = 1
write(1, "n", 1)                        = 1
write(1, "g", 1)                        = 1
write(1, " ", 1)                        = 1
write(1, "c", 1)                        = 1
write(1, "o", 1)                        = 1
write(1, "m", 1)                        = 1
write(1, "m", 1)                        = 1
write(1, "a", 1)                        = 1
write(1, "n", 1)                        = 1
write(1, "d", 1)                        = 1
write(1, " ", 1)                        = 1
write(1, "t", 1)                        = 1
write(1, "a", 1)                        = 1
write(1, "b", 1)                        = 1
write(1, "l", 1)                        = 1
write(1, "e", 1)                        = 1
write(1, "\n", 1)                       = 1
write(1, "N", 1)                        = 1
write(1, "u", 1)                        = 1
write(1, "m", 1)                        = 1
write(1, "b", 1)                        = 1
write(1, "e", 1)                        = 1
write(1, "r", 1)                        = 1
write(1, " ", 1)                        = 1
write(1, "o", 1)                        = 1
write(1, "f", 1)                        = 1
write(1, " ", 1)                        = 1
write(1, "c", 1)                        = 1
write(1, "o", 1)                        = 1
write(1, "m", 1)                        = 1
write(1, "m", 1)                        = 1
write(1, "a", 1)                        = 1
write(1, "n", 1)                        = 1
write(1, "d", 1)                        = 1
write(1, "s", 1)                        = 1
write(1, ":", 1)                        = 1
write(1, " ", 1)                        = 1
write(1, "1", 1)                        = 1
write(1, "\n", 1)                       = 1
write(1, "------------\n", 13)          = 13
write(1, "COMMAND #1:\n", 12)           = 12
write(1, "cmd_av: [\"cat\"]\n", 16)     = 16
write(1, "Redirection: REDIRECT_IN\n", 25) = 25
write(1, "filename saved: debug_in\n", 25) = 25
write(1, "Redirection: REDIRECT_OUT\n", 26) = 26
write(1, "filename saved: debug_out\n", 26) = 26
write(1, "-", 1)                        = 1
write(1, "-", 1)                        = 1
write(1, "-", 1)                        = 1
write(1, "-", 1)                        = 1
write(1, "-", 1)                        = 1
write(1, "-", 1)                        = 1
write(1, "-", 1)                        = 1
write(1, "-", 1)                        = 1
write(1, "-", 1)                        = 1
write(1, "-", 1)                        = 1
write(1, "-", 1)                        = 1
write(1, "-", 1)                        = 1
write(1, "\n", 1)                       = 1
write(1, "\n", 1)                       = 1
--- SIGCHLD {si_signo=SIGCHLD, si_code=CLD_EXITED, si_pid=332643, si_uid=1000, si_status=0, si_utime=0, si_stime=0} ---
write(1, "C", 1)                        = 1
write(1, "o", 1)                        = 1
write(1, "m", 1)                        = 1
write(1, "m", 1)                        = 1
write(1, "a", 1)                        = 1
write(1, "n", 1)                        = 1
write(1, "d", 1)                        = 1
write(1, " ", 1)                        = 1
write(1, "e", 1)                        = 1
write(1, "x", 1)                        = 1
write(1, "e", 1)                        = 1
write(1, "c", 1)                        = 1
write(1, "u", 1)                        = 1
write(1, "t", 1)                        = 1
write(1, "e", 1)                        = 1
write(1, "d", 1)                        = 1
write(1, " ", 1)                        = 1
write(1, "w", 1)                        = 1
write(1, "i", 1)                        = 1
write(1, "t", 1)                        = 1
write(1, "h", 1)                        = 1
write(1, " ", 1)                        = 1
write(1, "e", 1)                        = 1
write(1, "x", 1)                        = 1
write(1, "i", 1)                        = 1
write(1, "t", 1)                        = 1
write(1, " ", 1)                        = 1
write(1, "s", 1)                        = 1
write(1, "t", 1)                        = 1
write(1, "a", 1)                        = 1
write(1, "t", 1)                        = 1
write(1, "u", 1)                        = 1
write(1, "s", 1)                        = 1
write(1, ":", 1)                        = 1
write(1, " ", 1)                        = 1
write(1, "0", 1)                        = 1
write(1, "\n", 1)                       = 1
write(1, "\360\237\216\203\33[31;5mSpookyShell\33[0m\33[5m\360\237"..., 40) = 40
read(0, "", 1)                          = 0
write(1, "e", 1)                        = 1
write(1, "x", 1)                        = 1
write(1, "i", 1)                        = 1
write(1, "t", 1)                        = 1
write(1, "\n", 1)                       = 1
+++ exited with 0 +++
